CRITICAL - 2022-06-17 09:05:52 --> Undefined variable: title
#0 C:\wamp64\www\ppi\app\Views\templates\html_header.php(17): CodeIgniter\Debug\Exceptions->errorHandler(8, 'Undefined varia...', 'C:\\wamp64\\www\\p...', 17, Array)
#1 C:\wamp64\www\ppi\system\View\View.php(210): include('C:\\wamp64\\www\\p...')
#2 C:\wamp64\www\ppi\system\View\View.php(213): CodeIgniter\View\View->CodeIgniter\View\{closure}()
#3 C:\wamp64\www\ppi\system\Common.php(1089): CodeIgniter\View\View->render('templates/html_...', Array, true)
#4 C:\wamp64\www\ppi\app\Controllers\Animais.php(14): view('templates/html_...')
#5 C:\wamp64\www\ppi\system\CodeIgniter.php(832): App\Controllers\Animais->index()
#6 C:\wamp64\www\ppi\system\CodeIgniter.php(419): CodeIgniter\CodeIgniter->runController(Object(App\Controllers\Animais))
#7 C:\wamp64\www\ppi\system\CodeIgniter.php(326): CodeIgniter\CodeIgniter->handleRequest(NULL, Object(Config\Cache), false)
#8 C:\wamp64\www\ppi\public\index.php(37): CodeIgniter\CodeIgniter->run()
#9 C:\wamp64\www\ppi\system\Commands\Server\rewrite.php(43): require_once('C:\\wamp64\\www\\p...')
#10 {main}
ERROR - 2022-06-17 10:35:18 --> Column 'updated_at' in order clause is ambiguous
CRITICAL - 2022-06-17 10:35:18 --> Column 'updated_at' in order clause is ambiguous
#0 C:\wamp64\www\ppi\system\Database\MySQLi\Connection.php(292): mysqli->query('SELECT *\nFROM `...', 0)
#1 C:\wamp64\www\ppi\system\Database\BaseConnection.php(670): CodeIgniter\Database\MySQLi\Connection->execute('SELECT *\nFROM `...')
#2 C:\wamp64\www\ppi\system\Database\BaseConnection.php(598): CodeIgniter\Database\BaseConnection->simpleQuery('SELECT *\nFROM `...')
#3 C:\wamp64\www\ppi\system\Database\BaseBuilder.php(1455): CodeIgniter\Database\BaseConnection->query('SELECT *\nFROM `...', Array, false)
#4 C:\wamp64\www\ppi\system\Model.php(183): CodeIgniter\Database\BaseBuilder->get()
#5 C:\wamp64\www\ppi\system\BaseModel.php(584): CodeIgniter\Model->doFindAll(0, 0)
#6 C:\wamp64\www\ppi\app\Models\AnimaisModel.php(46): CodeIgniter\BaseModel->findAll()
#7 C:\wamp64\www\ppi\app\Controllers\Animais.php(36): App\Models\AnimaisModel->getAnimais()
#8 C:\wamp64\www\ppi\system\CodeIgniter.php(832): App\Controllers\Animais->debug()
#9 C:\wamp64\www\ppi\system\CodeIgniter.php(419): CodeIgniter\CodeIgniter->runController(Object(App\Controllers\Animais))
#10 C:\wamp64\www\ppi\system\CodeIgniter.php(326): CodeIgniter\CodeIgniter->handleRequest(NULL, Object(Config\Cache), false)
#11 C:\wamp64\www\ppi\public\index.php(37): CodeIgniter\CodeIgniter->run()
#12 C:\wamp64\www\ppi\system\Commands\Server\rewrite.php(43): require_once('C:\\wamp64\\www\\p...')
#13 {main}
ERROR - 2022-06-17 10:35:35 --> Column 'updated_at' in order clause is ambiguous
CRITICAL - 2022-06-17 10:35:35 --> Column 'updated_at' in order clause is ambiguous
#0 C:\wamp64\www\ppi\system\Database\MySQLi\Connection.php(292): mysqli->query('SELECT *\nFROM `...', 0)
#1 C:\wamp64\www\ppi\system\Database\BaseConnection.php(670): CodeIgniter\Database\MySQLi\Connection->execute('SELECT *\nFROM `...')
#2 C:\wamp64\www\ppi\system\Database\BaseConnection.php(598): CodeIgniter\Database\BaseConnection->simpleQuery('SELECT *\nFROM `...')
#3 C:\wamp64\www\ppi\system\Database\BaseBuilder.php(1455): CodeIgniter\Database\BaseConnection->query('SELECT *\nFROM `...', Array, false)
#4 C:\wamp64\www\ppi\system\Model.php(183): CodeIgniter\Database\BaseBuilder->get()
#5 C:\wamp64\www\ppi\system\BaseModel.php(584): CodeIgniter\Model->doFindAll(0, 0)
#6 C:\wamp64\www\ppi\app\Models\AnimaisModel.php(46): CodeIgniter\BaseModel->findAll()
#7 C:\wamp64\www\ppi\app\Controllers\Animais.php(36): App\Models\AnimaisModel->getAnimais()
#8 C:\wamp64\www\ppi\system\CodeIgniter.php(832): App\Controllers\Animais->debug()
#9 C:\wamp64\www\ppi\system\CodeIgniter.php(419): CodeIgniter\CodeIgniter->runController(Object(App\Controllers\Animais))
#10 C:\wamp64\www\ppi\system\CodeIgniter.php(326): CodeIgniter\CodeIgniter->handleRequest(NULL, Object(Config\Cache), false)
#11 C:\wamp64\www\ppi\public\index.php(37): CodeIgniter\CodeIgniter->run()
#12 C:\wamp64\www\ppi\system\Commands\Server\rewrite.php(43): require_once('C:\\wamp64\\www\\p...')
#13 {main}
CRITICAL - 2022-06-17 10:53:10 --> Invalid file: App\Views\Pager\boostrap_full.php
#0 C:\wamp64\www\ppi\system\View\View.php(198): CodeIgniter\Exceptions\FrameworkException::forInvalidFile('App\\Views\\Pager...')
#1 C:\wamp64\www\ppi\system\Pager\Pager.php(125): CodeIgniter\View\View->render('App\\Views\\Pager...')
#2 C:\wamp64\www\ppi\system\Pager\Pager.php(83): CodeIgniter\Pager\Pager->displayLinks('default', 'default_full')
#3 C:\wamp64\www\ppi\app\Views\pages\home.php(49): CodeIgniter\Pager\Pager->links()
#4 C:\wamp64\www\ppi\system\View\View.php(210): include('C:\\wamp64\\www\\p...')
#5 C:\wamp64\www\ppi\system\View\View.php(213): CodeIgniter\View\View->CodeIgniter\View\{closure}()
#6 C:\wamp64\www\ppi\system\Common.php(1089): CodeIgniter\View\View->render('pages/home', Array, true)
#7 C:\wamp64\www\ppi\app\Controllers\Animais.php(29): view('pages/home')
#8 C:\wamp64\www\ppi\system\CodeIgniter.php(832): App\Controllers\Animais->index()
#9 C:\wamp64\www\ppi\system\CodeIgniter.php(419): CodeIgniter\CodeIgniter->runController(Object(App\Controllers\Animais))
#10 C:\wamp64\www\ppi\system\CodeIgniter.php(326): CodeIgniter\CodeIgniter->handleRequest(NULL, Object(Config\Cache), false)
#11 C:\wamp64\www\ppi\public\index.php(37): CodeIgniter\CodeIgniter->run()
#12 C:\wamp64\www\ppi\system\Commands\Server\rewrite.php(43): require_once('C:\\wamp64\\www\\p...')
#13 {main}
