ERROR - 2022-06-22 18:41:52 --> Error connecting to the database: Nenhuma conexão pôde ser feita porque a máquina de destino as recusou ativamente.

CRITICAL - 2022-06-22 18:41:52 --> Unable to connect to the database.
Main connection [MySQLi]: Nenhuma conexão pôde ser feita porque a máquina de destino as recusou ativamente.

#0 C:\wamp64\www\ppi\system\Database\BaseConnection.php(577): CodeIgniter\Database\BaseConnection->initialize()
#1 C:\wamp64\www\ppi\system\Database\BaseBuilder.php(1539): CodeIgniter\Database\BaseConnection->query('SELECT COUNT(*)...', Array, false)
#2 C:\wamp64\www\ppi\system\Model.php(509): CodeIgniter\Database\BaseBuilder->countAllResults(false)
#3 C:\wamp64\www\ppi\system\BaseModel.php(1084): CodeIgniter\Model->countAllResults(false)
#4 C:\wamp64\www\ppi\app\Controllers\Animais.php(19): CodeIgniter\BaseModel->paginate(6)
#5 C:\wamp64\www\ppi\system\CodeIgniter.php(832): App\Controllers\Animais->index()
#6 C:\wamp64\www\ppi\system\CodeIgniter.php(419): CodeIgniter\CodeIgniter->runController(Object(App\Controllers\Animais))
#7 C:\wamp64\www\ppi\system\CodeIgniter.php(326): CodeIgniter\CodeIgniter->handleRequest(NULL, Object(Config\Cache), false)
#8 C:\wamp64\www\ppi\public\index.php(37): CodeIgniter\CodeIgniter->run()
#9 C:\wamp64\www\ppi\system\Commands\Server\rewrite.php(43): require_once('C:\\wamp64\\www\\p...')
#10 {main}
CRITICAL - 2022-06-22 19:39:40 --> Call to undefined function set_value()
#0 C:\wamp64\www\ppi\system\View\View.php(210): include()
#1 C:\wamp64\www\ppi\system\View\View.php(213): CodeIgniter\View\View->CodeIgniter\View\{closure}()
#2 C:\wamp64\www\ppi\system\Common.php(1089): CodeIgniter\View\View->render('pages/animal', Array, true)
#3 C:\wamp64\www\ppi\app\Controllers\Animais.php(53): view('pages/animal', Array)
#4 C:\wamp64\www\ppi\system\CodeIgniter.php(832): App\Controllers\Animais->add()
#5 C:\wamp64\www\ppi\system\CodeIgniter.php(419): CodeIgniter\CodeIgniter->runController(Object(App\Controllers\Animais))
#6 C:\wamp64\www\ppi\system\CodeIgniter.php(326): CodeIgniter\CodeIgniter->handleRequest(NULL, Object(Config\Cache), false)
#7 C:\wamp64\www\ppi\public\index.php(37): CodeIgniter\CodeIgniter->run()
#8 C:\wamp64\www\ppi\system\Commands\Server\rewrite.php(43): require_once('C:\\wamp64\\www\\p...')
#9 {main}
CRITICAL - 2022-06-22 19:49:36 --> Call to undefined function set_value()
#0 C:\wamp64\www\ppi\system\View\View.php(210): include()
#1 C:\wamp64\www\ppi\system\View\View.php(213): CodeIgniter\View\View->CodeIgniter\View\{closure}()
#2 C:\wamp64\www\ppi\system\Common.php(1089): CodeIgniter\View\View->render('pages/animal', Array, true)
#3 C:\wamp64\www\ppi\app\Controllers\Animais.php(53): view('pages/animal', Array)
#4 C:\wamp64\www\ppi\system\CodeIgniter.php(832): App\Controllers\Animais->add()
#5 C:\wamp64\www\ppi\system\CodeIgniter.php(419): CodeIgniter\CodeIgniter->runController(Object(App\Controllers\Animais))
#6 C:\wamp64\www\ppi\system\CodeIgniter.php(326): CodeIgniter\CodeIgniter->handleRequest(NULL, Object(Config\Cache), false)
#7 C:\wamp64\www\ppi\public\index.php(37): CodeIgniter\CodeIgniter->run()
#8 C:\wamp64\www\ppi\system\Commands\Server\rewrite.php(43): require_once('C:\\wamp64\\www\\p...')
#9 {main}
CRITICAL - 2022-06-22 19:53:15 --> Call to undefined function set_value()
#0 C:\wamp64\www\ppi\system\View\View.php(210): include()
#1 C:\wamp64\www\ppi\system\View\View.php(213): CodeIgniter\View\View->CodeIgniter\View\{closure}()
#2 C:\wamp64\www\ppi\system\Common.php(1089): CodeIgniter\View\View->render('pages/animal', Array, true)
#3 C:\wamp64\www\ppi\app\Controllers\Animais.php(53): view('pages/animal', Array)
#4 C:\wamp64\www\ppi\system\CodeIgniter.php(832): App\Controllers\Animais->add()
#5 C:\wamp64\www\ppi\system\CodeIgniter.php(419): CodeIgniter\CodeIgniter->runController(Object(App\Controllers\Animais))
#6 C:\wamp64\www\ppi\system\CodeIgniter.php(326): CodeIgniter\CodeIgniter->handleRequest(NULL, Object(Config\Cache), false)
#7 C:\wamp64\www\ppi\public\index.php(37): CodeIgniter\CodeIgniter->run()
#8 C:\wamp64\www\ppi\system\Commands\Server\rewrite.php(43): require_once('C:\\wamp64\\www\\p...')
#9 {main}
CRITICAL - 2022-06-22 19:55:09 --> Call to undefined function set_value()
#0 C:\wamp64\www\ppi\system\View\View.php(210): include()
#1 C:\wamp64\www\ppi\system\View\View.php(213): CodeIgniter\View\View->CodeIgniter\View\{closure}()
#2 C:\wamp64\www\ppi\system\Common.php(1089): CodeIgniter\View\View->render('pages/animal', Array, true)
#3 C:\wamp64\www\ppi\app\Controllers\Animais.php(54): view('pages/animal', Array)
#4 C:\wamp64\www\ppi\system\CodeIgniter.php(832): App\Controllers\Animais->add()
#5 C:\wamp64\www\ppi\system\CodeIgniter.php(419): CodeIgniter\CodeIgniter->runController(Object(App\Controllers\Animais))
#6 C:\wamp64\www\ppi\system\CodeIgniter.php(326): CodeIgniter\CodeIgniter->handleRequest(NULL, Object(Config\Cache), false)
#7 C:\wamp64\www\ppi\public\index.php(37): CodeIgniter\CodeIgniter->run()
#8 C:\wamp64\www\ppi\system\Commands\Server\rewrite.php(43): require_once('C:\\wamp64\\www\\p...')
#9 {main}
CRITICAL - 2022-06-22 19:56:41 --> Undefined index: ds_sexo
#0 C:\wamp64\www\ppi\app\Views\pages\animal.php(29): CodeIgniter\Debug\Exceptions->errorHandler(8, 'Undefined index...', 'C:\\wamp64\\www\\p...', 29, Array)
#1 C:\wamp64\www\ppi\system\View\View.php(210): include('C:\\wamp64\\www\\p...')
#2 C:\wamp64\www\ppi\system\View\View.php(213): CodeIgniter\View\View->CodeIgniter\View\{closure}()
#3 C:\wamp64\www\ppi\system\Common.php(1089): CodeIgniter\View\View->render('pages/animal', Array, true)
#4 C:\wamp64\www\ppi\app\Controllers\Animais.php(54): view('pages/animal', Array)
#5 C:\wamp64\www\ppi\system\CodeIgniter.php(832): App\Controllers\Animais->add()
#6 C:\wamp64\www\ppi\system\CodeIgniter.php(419): CodeIgniter\CodeIgniter->runController(Object(App\Controllers\Animais))
#7 C:\wamp64\www\ppi\system\CodeIgniter.php(326): CodeIgniter\CodeIgniter->handleRequest(NULL, Object(Config\Cache), false)
#8 C:\wamp64\www\ppi\public\index.php(37): CodeIgniter\CodeIgniter->run()
#9 C:\wamp64\www\ppi\system\Commands\Server\rewrite.php(43): require_once('C:\\wamp64\\www\\p...')
#10 {main}
ERROR - 2022-06-22 21:47:22 --> Column 'x_ativo' cannot be null
CRITICAL - 2022-06-22 21:47:22 --> Column 'x_ativo' cannot be null
#0 C:\wamp64\www\ppi\system\Database\MySQLi\Connection.php(292): mysqli->query('INSERT INTO `an...', 0)
#1 C:\wamp64\www\ppi\system\Database\BaseConnection.php(670): CodeIgniter\Database\MySQLi\Connection->execute('INSERT INTO `an...')
#2 C:\wamp64\www\ppi\system\Database\BaseConnection.php(598): CodeIgniter\Database\BaseConnection->simpleQuery('INSERT INTO `an...')
#3 C:\wamp64\www\ppi\system\Database\BaseBuilder.php(1771): CodeIgniter\Database\BaseConnection->query('INSERT INTO `an...', Array, false)
#4 C:\wamp64\www\ppi\system\Model.php(239): CodeIgniter\Database\BaseBuilder->insert()
#5 C:\wamp64\www\ppi\system\BaseModel.php(738): CodeIgniter\Model->doInsert(Array)
#6 C:\wamp64\www\ppi\system\Model.php(625): CodeIgniter\BaseModel->insert(Array, false)
#7 C:\wamp64\www\ppi\system\BaseModel.php(658): CodeIgniter\Model->insert(Array, false)
#8 C:\wamp64\www\ppi\app\Controllers\Animais.php(128): CodeIgniter\BaseModel->save(Array)
#9 C:\wamp64\www\ppi\system\CodeIgniter.php(832): App\Controllers\Animais->save()
#10 C:\wamp64\www\ppi\system\CodeIgniter.php(419): CodeIgniter\CodeIgniter->runController(Object(App\Controllers\Animais))
#11 C:\wamp64\www\ppi\system\CodeIgniter.php(326): CodeIgniter\CodeIgniter->handleRequest(NULL, Object(Config\Cache), false)
#12 C:\wamp64\www\ppi\public\index.php(37): CodeIgniter\CodeIgniter->run()
#13 C:\wamp64\www\ppi\system\Commands\Server\rewrite.php(43): require_once('C:\\wamp64\\www\\p...')
#14 {main}
CRITICAL - 2022-06-22 21:59:04 --> Call to a member function isValid() on null
#0 C:\wamp64\www\ppi\system\CodeIgniter.php(832): App\Controllers\Animais->save()
#1 C:\wamp64\www\ppi\system\CodeIgniter.php(419): CodeIgniter\CodeIgniter->runController(Object(App\Controllers\Animais))
#2 C:\wamp64\www\ppi\system\CodeIgniter.php(326): CodeIgniter\CodeIgniter->handleRequest(NULL, Object(Config\Cache), false)
#3 C:\wamp64\www\ppi\public\index.php(37): CodeIgniter\CodeIgniter->run()
#4 C:\wamp64\www\ppi\system\Commands\Server\rewrite.php(43): require_once('C:\\wamp64\\www\\p...')
#5 {main}
CRITICAL - 2022-06-22 22:05:48 --> Undefined index: ds_imagem_avatar
#0 C:\wamp64\www\ppi\app\Views\pages\home.php(38): CodeIgniter\Debug\Exceptions->errorHandler(8, 'Undefined index...', 'C:\\wamp64\\www\\p...', 38, Array)
#1 C:\wamp64\www\ppi\system\View\View.php(210): include('C:\\wamp64\\www\\p...')
#2 C:\wamp64\www\ppi\system\View\View.php(213): CodeIgniter\View\View->CodeIgniter\View\{closure}()
#3 C:\wamp64\www\ppi\system\Common.php(1089): CodeIgniter\View\View->render('pages/home', Array, true)
#4 C:\wamp64\www\ppi\app\Controllers\Animais.php(251): view('pages/home')
#5 C:\wamp64\www\ppi\system\CodeIgniter.php(832): App\Controllers\Animais->save()
#6 C:\wamp64\www\ppi\system\CodeIgniter.php(419): CodeIgniter\CodeIgniter->runController(Object(App\Controllers\Animais))
#7 C:\wamp64\www\ppi\system\CodeIgniter.php(326): CodeIgniter\CodeIgniter->handleRequest(NULL, Object(Config\Cache), false)
#8 C:\wamp64\www\ppi\public\index.php(37): CodeIgniter\CodeIgniter->run()
#9 C:\wamp64\www\ppi\system\Commands\Server\rewrite.php(43): require_once('C:\\wamp64\\www\\p...')
#10 {main}
