CRITICAL - 2022-06-23 19:42:48 --> Undefined index: ds_status
#0 C:\wamp64\www\ppi\app\Views\pages\home.php(35): CodeIgniter\Debug\Exceptions->errorHandler(8, 'Undefined index...', 'C:\\wamp64\\www\\p...', 35, Array)
#1 C:\wamp64\www\ppi\system\View\View.php(210): include('C:\\wamp64\\www\\p...')
#2 C:\wamp64\www\ppi\system\View\View.php(213): CodeIgniter\View\View->CodeIgniter\View\{closure}()
#3 C:\wamp64\www\ppi\system\Common.php(1089): CodeIgniter\View\View->render('pages/home', Array, true)
#4 C:\wamp64\www\ppi\app\Controllers\Animais.php(27): view('pages/home')
#5 C:\wamp64\www\ppi\system\CodeIgniter.php(832): App\Controllers\Animais->index()
#6 C:\wamp64\www\ppi\system\CodeIgniter.php(419): CodeIgniter\CodeIgniter->runController(Object(App\Controllers\Animais))
#7 C:\wamp64\www\ppi\system\CodeIgniter.php(326): CodeIgniter\CodeIgniter->handleRequest(NULL, Object(Config\Cache), false)
#8 C:\wamp64\www\ppi\public\index.php(37): CodeIgniter\CodeIgniter->run()
#9 C:\wamp64\www\ppi\system\Commands\Server\rewrite.php(43): require_once('C:\\wamp64\\www\\p...')
#10 {main}
CRITICAL - 2022-06-23 19:43:04 --> Undefined index: ds_nome_status
#0 C:\wamp64\www\ppi\app\Views\pages\home.php(35): CodeIgniter\Debug\Exceptions->errorHandler(8, 'Undefined index...', 'C:\\wamp64\\www\\p...', 35, Array)
#1 C:\wamp64\www\ppi\system\View\View.php(210): include('C:\\wamp64\\www\\p...')
#2 C:\wamp64\www\ppi\system\View\View.php(213): CodeIgniter\View\View->CodeIgniter\View\{closure}()
#3 C:\wamp64\www\ppi\system\Common.php(1089): CodeIgniter\View\View->render('pages/home', Array, true)
#4 C:\wamp64\www\ppi\app\Controllers\Animais.php(27): view('pages/home')
#5 C:\wamp64\www\ppi\system\CodeIgniter.php(832): App\Controllers\Animais->index()
#6 C:\wamp64\www\ppi\system\CodeIgniter.php(419): CodeIgniter\CodeIgniter->runController(Object(App\Controllers\Animais))
#7 C:\wamp64\www\ppi\system\CodeIgniter.php(326): CodeIgniter\CodeIgniter->handleRequest(NULL, Object(Config\Cache), false)
#8 C:\wamp64\www\ppi\public\index.php(37): CodeIgniter\CodeIgniter->run()
#9 C:\wamp64\www\ppi\system\Commands\Server\rewrite.php(43): require_once('C:\\wamp64\\www\\p...')
#10 {main}
CRITICAL - 2022-06-23 20:15:02 --> Undefined variable: status
#0 C:\wamp64\www\ppi\app\Views\pages\animal.php(54): CodeIgniter\Debug\Exceptions->errorHandler(8, 'Undefined varia...', 'C:\\wamp64\\www\\p...', 54, Array)
#1 C:\wamp64\www\ppi\system\View\View.php(210): include('C:\\wamp64\\www\\p...')
#2 C:\wamp64\www\ppi\system\View\View.php(213): CodeIgniter\View\View->CodeIgniter\View\{closure}()
#3 C:\wamp64\www\ppi\system\Common.php(1089): CodeIgniter\View\View->render('pages/animal', Array, true)
#4 C:\wamp64\www\ppi\app\Controllers\Animais.php(60): view('pages/animal', Array)
#5 C:\wamp64\www\ppi\system\CodeIgniter.php(832): App\Controllers\Animais->add()
#6 C:\wamp64\www\ppi\system\CodeIgniter.php(419): CodeIgniter\CodeIgniter->runController(Object(App\Controllers\Animais))
#7 C:\wamp64\www\ppi\system\CodeIgniter.php(326): CodeIgniter\CodeIgniter->handleRequest(NULL, Object(Config\Cache), false)
#8 C:\wamp64\www\ppi\public\index.php(37): CodeIgniter\CodeIgniter->run()
#9 C:\wamp64\www\ppi\system\Commands\Server\rewrite.php(43): require_once('C:\\wamp64\\www\\p...')
#10 {main}
CRITICAL - 2022-06-23 20:15:41 --> Undefined index: id_status
#0 C:\wamp64\www\ppi\app\Views\pages\animal.php(55): CodeIgniter\Debug\Exceptions->errorHandler(8, 'Undefined index...', 'C:\\wamp64\\www\\p...', 55, Array)
#1 C:\wamp64\www\ppi\system\View\View.php(210): include('C:\\wamp64\\www\\p...')
#2 C:\wamp64\www\ppi\system\View\View.php(213): CodeIgniter\View\View->CodeIgniter\View\{closure}()
#3 C:\wamp64\www\ppi\system\Common.php(1089): CodeIgniter\View\View->render('pages/animal', Array, true)
#4 C:\wamp64\www\ppi\app\Controllers\Animais.php(63): view('pages/animal', Array)
#5 C:\wamp64\www\ppi\system\CodeIgniter.php(832): App\Controllers\Animais->add()
#6 C:\wamp64\www\ppi\system\CodeIgniter.php(419): CodeIgniter\CodeIgniter->runController(Object(App\Controllers\Animais))
#7 C:\wamp64\www\ppi\system\CodeIgniter.php(326): CodeIgniter\CodeIgniter->handleRequest(NULL, Object(Config\Cache), false)
#8 C:\wamp64\www\ppi\public\index.php(37): CodeIgniter\CodeIgniter->run()
#9 C:\wamp64\www\ppi\system\Commands\Server\rewrite.php(43): require_once('C:\\wamp64\\www\\p...')
#10 {main}
CRITICAL - 2022-06-23 20:22:29 --> Undefined index: ds_nome_status
#0 C:\wamp64\www\ppi\app\Views\pages\home.php(37): CodeIgniter\Debug\Exceptions->errorHandler(8, 'Undefined index...', 'C:\\wamp64\\www\\p...', 37, Array)
#1 C:\wamp64\www\ppi\system\View\View.php(210): include('C:\\wamp64\\www\\p...')
#2 C:\wamp64\www\ppi\system\View\View.php(213): CodeIgniter\View\View->CodeIgniter\View\{closure}()
#3 C:\wamp64\www\ppi\system\Common.php(1089): CodeIgniter\View\View->render('pages/home', Array, true)
#4 C:\wamp64\www\ppi\app\Controllers\Animais.php(138): view('pages/home')
#5 C:\wamp64\www\ppi\system\CodeIgniter.php(832): App\Controllers\Animais->save()
#6 C:\wamp64\www\ppi\system\CodeIgniter.php(419): CodeIgniter\CodeIgniter->runController(Object(App\Controllers\Animais))
#7 C:\wamp64\www\ppi\system\CodeIgniter.php(326): CodeIgniter\CodeIgniter->handleRequest(NULL, Object(Config\Cache), false)
#8 C:\wamp64\www\ppi\public\index.php(37): CodeIgniter\CodeIgniter->run()
#9 C:\wamp64\www\ppi\system\Commands\Server\rewrite.php(43): require_once('C:\\wamp64\\www\\p...')
#10 {main}
ERROR - 2022-06-23 20:24:54 --> Unknown column 'id' in 'where clause'
CRITICAL - 2022-06-23 20:24:54 --> Unknown column 'id' in 'where clause'
#0 C:\wamp64\www\ppi\system\Database\MySQLi\Connection.php(292): mysqli->query('SELECT *\nFROM `...', 0)
#1 C:\wamp64\www\ppi\system\Database\BaseConnection.php(670): CodeIgniter\Database\MySQLi\Connection->execute('SELECT *\nFROM `...')
#2 C:\wamp64\www\ppi\system\Database\BaseConnection.php(598): CodeIgniter\Database\BaseConnection->simpleQuery('SELECT *\nFROM `...')
#3 C:\wamp64\www\ppi\system\Database\BaseBuilder.php(1455): CodeIgniter\Database\BaseConnection->query('SELECT *\nFROM `...', Array, false)
#4 C:\wamp64\www\ppi\system\Model.php(210): CodeIgniter\Database\BaseBuilder->get()
#5 C:\wamp64\www\ppi\system\BaseModel.php(622): CodeIgniter\Model->doFirst()
#6 C:\wamp64\www\ppi\app\Models\AnimaisModel.php(51): CodeIgniter\BaseModel->first()
#7 C:\wamp64\www\ppi\app\Controllers\Animais.php(40): App\Models\AnimaisModel->getAnimais('21')
#8 C:\wamp64\www\ppi\system\CodeIgniter.php(832): App\Controllers\Animais->edit('21')
#9 C:\wamp64\www\ppi\system\CodeIgniter.php(419): CodeIgniter\CodeIgniter->runController(Object(App\Controllers\Animais))
#10 C:\wamp64\www\ppi\system\CodeIgniter.php(326): CodeIgniter\CodeIgniter->handleRequest(NULL, Object(Config\Cache), false)
#11 C:\wamp64\www\ppi\public\index.php(37): CodeIgniter\CodeIgniter->run()
#12 C:\wamp64\www\ppi\system\Commands\Server\rewrite.php(43): require_once('C:\\wamp64\\www\\p...')
#13 {main}
CRITICAL - 2022-06-23 20:41:59 --> Undefined variable: animal
#0 C:\wamp64\www\ppi\app\Views\pages\animal.php(5): CodeIgniter\Debug\Exceptions->errorHandler(8, 'Undefined varia...', 'C:\\wamp64\\www\\p...', 5, Array)
#1 C:\wamp64\www\ppi\system\View\View.php(210): include('C:\\wamp64\\www\\p...')
#2 C:\wamp64\www\ppi\system\View\View.php(213): CodeIgniter\View\View->CodeIgniter\View\{closure}()
#3 C:\wamp64\www\ppi\system\Common.php(1089): CodeIgniter\View\View->render('pages/animal', Array, true)
#4 C:\wamp64\www\ppi\app\Controllers\Animais.php(63): view('pages/animal', Array)
#5 C:\wamp64\www\ppi\system\CodeIgniter.php(832): App\Controllers\Animais->add()
#6 C:\wamp64\www\ppi\system\CodeIgniter.php(419): CodeIgniter\CodeIgniter->runController(Object(App\Controllers\Animais))
#7 C:\wamp64\www\ppi\system\CodeIgniter.php(326): CodeIgniter\CodeIgniter->handleRequest(NULL, Object(Config\Cache), false)
#8 C:\wamp64\www\ppi\public\index.php(37): CodeIgniter\CodeIgniter->run()
#9 C:\wamp64\www\ppi\system\Commands\Server\rewrite.php(43): require_once('C:\\wamp64\\www\\p...')
#10 {main}
CRITICAL - 2022-06-23 20:42:17 --> Undefined variable: animal
#0 C:\wamp64\www\ppi\app\Views\pages\animal.php(5): CodeIgniter\Debug\Exceptions->errorHandler(8, 'Undefined varia...', 'C:\\wamp64\\www\\p...', 5, Array)
#1 C:\wamp64\www\ppi\system\View\View.php(210): include('C:\\wamp64\\www\\p...')
#2 C:\wamp64\www\ppi\system\View\View.php(213): CodeIgniter\View\View->CodeIgniter\View\{closure}()
#3 C:\wamp64\www\ppi\system\Common.php(1089): CodeIgniter\View\View->render('pages/animal', Array, true)
#4 C:\wamp64\www\ppi\app\Controllers\Animais.php(63): view('pages/animal', Array)
#5 C:\wamp64\www\ppi\system\CodeIgniter.php(832): App\Controllers\Animais->add()
#6 C:\wamp64\www\ppi\system\CodeIgniter.php(419): CodeIgniter\CodeIgniter->runController(Object(App\Controllers\Animais))
#7 C:\wamp64\www\ppi\system\CodeIgniter.php(326): CodeIgniter\CodeIgniter->handleRequest(NULL, Object(Config\Cache), false)
#8 C:\wamp64\www\ppi\public\index.php(37): CodeIgniter\CodeIgniter->run()
#9 C:\wamp64\www\ppi\system\Commands\Server\rewrite.php(43): require_once('C:\\wamp64\\www\\p...')
#10 {main}
